android/kjs/Mynah/app/build/outputs/logs/manifest-merger-debug-report.txt
-- Merging decision tree log ---
manifest
ADDED from AndroidManifest.xml:2:1
	package
		ADDED from AndroidManifest.xml:3:5
		INJECTED from AndroidManifest.xml:0:0
		INJECTED from AndroidManifest.xml:0:0
	android:versionName
		ADDED from AndroidManifest.xml:5:5
	android:versionCode
		ADDED from AndroidManifest.xml:4:5
		INJECTED from AndroidManifest.xml:0:0
		INJECTED from AndroidManifest.xml:0:0
	xmlns:android
		ADDED from AndroidManifest.xml:2:11
uses-sdk
ADDED from AndroidManifest.xml:7:5
MERGED from com.android.support:support-v4:22.1.1:20:5
MERGED from com.android.support:appcompat-v7:22.1.1:20:5
MERGED from com.android.support:support-v4:22.1.1:20:5
MERGED from com.google.android.gms:play-services:7.3.0:18:5
MERGED from com.google.android.gms:play-services-ads:7.3.0:18:5
MERGED from com.google.android.gms:play-services-base:7.3.0:18:5
MERGED from com.android.support:support-v4:22.1.1:20:5
MERGED from com.google.android.gms:play-services-analytics:7.3.0:18:5
MERGED from com.google.android.gms:play-services-base:7.3.0:18:5
MERGED from com.android.support:support-v4:22.1.1:20:5
MERGED from com.google.android.gms:play-services-analytics:7.3.0:18:5
MERGED from com.google.android.gms:play-services-base:7.3.0:18:5
MERGED from com.android.support:support-v4:22.1.1:20:5
MERGED from com.google.android.gms:play-services-appindexing:7.3.0:18:5
MERGED from com.google.android.gms:play-services-base:7.3.0:18:5
MERGED from com.android.support:support-v4:22.1.1:20:5
MERGED from com.google.android.gms:play-services-appinvite:7.3.0:18:5
MERGED from com.google.android.gms:play-services-base:7.3.0:18:5
MERGED from com.android.support:support-v4:22.1.1:20:5
MERGED from com.google.android.gms:play-services-appstate:7.3.0:18:5
MERGED from com.google.android.gms:play-services-base:7.3.0:18:5
MERGED from com.android.support:support-v4:22.1.1:20:5
MERGED from com.google.android.gms:play-services-base:7.3.0:18:5
MERGED from com.android.support:support-v4:22.1.1:20:5
MERGED from com.google.android.gms:play-services-cast:7.3.0:18:5
MERGED from com.google.android.gms:play-services-base:7.3.0:18:5
MERGED from com.android.support:support-v4:22.1.1:20:5
MERGED from com.google.android.gms:play-services-drive:7.3.0:18:5
MERGED from com.google.android.gms:play-services-base:7.3.0:18:5
MERGED from com.android.support:support-v4:22.1.1:20:5
MERGED from com.google.android.gms:play-services-fitness:7.3.0:18:5
MERGED from com.google.android.gms:play-services-base:7.3.0:18:5
MERGED from com.android.support:support-v4:22.1.1:20:5
MERGED from com.google.android.gms:play-services-location:7.3.0:18:5
MERGED from com.google.android.gms:play-services-base:7.3.0:18:5
MERGED from com.android.support:support-v4:22.1.1:20:5
MERGED from com.google.android.gms:play-services-maps:7.3.0:18:5
MERGED from com.google.android.gms:play-services-base:7.3.0:18:5
MERGED from com.android.support:support-v4:22.1.1:20:5
MERGED from com.google.android.gms:play-services-games:7.3.0:18:5
MERGED from com.google.android.gms:play-services-base:7.3.0:18:5
MERGED from com.android.support:support-v4:22.1.1:20:5
MERGED from com.google.android.gms:play-services-drive:7.3.0:18:5
MERGED from com.google.android.gms:play-services-base:7.3.0:18:5
MERGED from com.android.support:support-v4:22.1.1:20:5
MERGED from com.google.android.gms:play-services-gcm:7.3.0:18:5
MERGED from com.google.android.gms:play-services-base:7.3.0:18:5
MERGED from com.android.support:support-v4:22.1.1:20:5
MERGED from com.google.android.gms:play-services-identity:7.3.0:18:5
MERGED from com.google.android.gms:play-services-base:7.3.0:18:5
MERGED from com.android.support:support-v4:22.1.1:20:5
MERGED from com.google.android.gms:play-services-location:7.3.0:18:5
MERGED from com.google.android.gms:play-services-base:7.3.0:18:5
MERGED from com.android.support:support-v4:22.1.1:20:5
MERGED from com.google.android.gms:play-services-maps:7.3.0:18:5
MERGED from com.google.android.gms:play-services-base:7.3.0:18:5
MERGED from com.android.support:support-v4:22.1.1:20:5
MERGED from com.google.android.gms:play-services-maps:7.3.0:18:5
MERGED from com.google.android.gms:play-services-base:7.3.0:18:5
MERGED from com.android.support:support-v4:22.1.1:20:5
MERGED from com.google.android.gms:play-services-nearby:7.3.0:18:5
MERGED from com.google.android.gms:play-services-base:7.3.0:18:5
MERGED from com.android.support:support-v4:22.1.1:20:5
MERGED from com.google.android.gms:play-services-panorama:7.3.0:18:5
MERGED from com.google.android.gms:play-services-base:7.3.0:18:5
MERGED from com.android.support:support-v4:22.1.1:20:5
MERGED from com.google.android.gms:play-services-plus:7.3.0:18:5
MERGED from com.google.android.gms:play-services-base:7.3.0:18:5
MERGED from com.android.support:support-v4:22.1.1:20:5
MERGED from com.google.android.gms:play-services-safetynet:7.3.0:18:5
MERGED from com.google.android.gms:play-services-base:7.3.0:18:5
MERGED from com.android.support:support-v4:22.1.1:20:5
MERGED from com.google.android.gms:play-services-wallet:7.3.0:18:5
MERGED from com.google.android.gms:play-services-base:7.3.0:18:5
MERGED from com.android.support:support-v4:22.1.1:20:5
MERGED from com.google.android.gms:play-services-identity:7.3.0:18:5
MERGED from com.google.android.gms:play-services-base:7.3.0:18:5
MERGED from com.android.support:support-v4:22.1.1:20:5
MERGED from com.google.android.gms:play-services-maps:7.3.0:18:5
MERGED from com.google.android.gms:play-services-base:7.3.0:18:5
MERGED from com.android.support:support-v4:22.1.1:20:5
MERGED from com.google.android.gms:play-services-wearable:7.3.0:18:5
MERGED from com.google.android.gms:play-services-base:7.3.0:18:5
MERGED from com.android.support:support-v4:22.1.1:20:5
	android:targetSdkVersion
		ADDED from AndroidManifest.xml:9:9
		INJECTED from AndroidManifest.xml:0:0
		INJECTED from AndroidManifest.xml:0:0
	android:minSdkVersion
		ADDED from AndroidManifest.xml:8:9
		INJECTED from AndroidManifest.xml:0:0
		INJECTED from AndroidManifest.xml:0:0
uses-permission#android.permission.RECEIVE_BOOT_COMPLETED
ADDED from AndroidManifest.xml:13:5
	android:name
		ADDED from AndroidManifest.xml:13:22
uses-permission#android.permission.INTERNET
ADDED from AndroidManifest.xml:14:5
	android:name
		ADDED from AndroidManifest.xml:14:22
uses-permission#android.permission.ACCESS_NETWORK_STATE
ADDED from AndroidManifest.xml:15:5
	android:name
		ADDED from AndroidManifest.xml:15:22
uses-permission#android.permission.ACCESS_WIFI_STATE
ADDED from AndroidManifest.xml:16:5
	android:name
		ADDED from AndroidManifest.xml:16:22
uses-permission#android.permission.CHANGE_WIFI_STATE
ADDED from AndroidManifest.xml:17:5
	android:name
		ADDED from AndroidManifest.xml:17:22
uses-permission#android.permission.BLUETOOTH_ADMIN
ADDED from AndroidManifest.xml:18:5
	android:name
		ADDED from AndroidManifest.xml:18:22
uses-permission#android.permission.BLUETOOTH
ADDED from AndroidManifest.xml:19:5
	android:name
		ADDED from AndroidManifest.xml:19:22
uses-permission#com.google.android.c2dm.permission.RECEIVE
ADDED from AndroidManifest.xml:22:2
	android:name
		ADDED from AndroidManifest.xml:22:19
uses-permission#com.seven.mynah.permission.C2D_MESSAGE
ADDED from AndroidManifest.xml:23:5
	android:name
		ADDED from AndroidManifest.xml:23:22
permission#com.seven.mynah.permission.C2D_MESSAGE
ADDED from AndroidManifest.xml:24:2
	android:protectionLevel
		ADDED from AndroidManifest.xml:25:9
	android:name
		ADDED from AndroidManifest.xml:24:14
uses-permission#android.permission.GET_ACCOUNTS
ADDED from AndroidManifest.xml:28:5
	android:name
		ADDED from AndroidManifest.xml:28:22
uses-permission#android.permission.WAKE_LOCK
ADDED from AndroidManifest.xml:31:5
	android:name
		ADDED from AndroidManifest.xml:31:22
application
ADDED from AndroidManifest.xml:33:5
MERGED from com.android.support:support-v4:22.1.1:22:5
MERGED from com.android.support:appcompat-v7:22.1.1:22:5
MERGED from com.android.support:support-v4:22.1.1:22:5
MERGED from com.google.android.gms:play-services:7.3.0:19:5
MERGED from com.google.android.gms:play-services-ads:7.3.0:19:5
MERGED from com.google.android.gms:play-services-base:7.3.0:20:5
MERGED from com.android.support:support-v4:22.1.1:22:5
MERGED from com.google.android.gms:play-services-analytics:7.3.0:19:5
MERGED from com.google.android.gms:play-services-base:7.3.0:20:5
MERGED from com.android.support:support-v4:22.1.1:22:5
MERGED from com.google.android.gms:play-services-analytics:7.3.0:19:5
MERGED from com.google.android.gms:play-services-base:7.3.0:20:5
MERGED from com.android.support:support-v4:22.1.1:22:5
MERGED from com.google.android.gms:play-services-appindexing:7.3.0:19:5
MERGED from com.google.android.gms:play-services-base:7.3.0:20:5
MERGED from com.android.support:support-v4:22.1.1:22:5
MERGED from com.google.android.gms:play-services-appinvite:7.3.0:19:5
MERGED from com.google.android.gms:play-services-base:7.3.0:20:5
MERGED from com.android.support:support-v4:22.1.1:22:5
MERGED from com.google.android.gms:play-services-appstate:7.3.0:19:5
MERGED from com.google.android.gms:play-services-base:7.3.0:20:5
MERGED from com.android.support:support-v4:22.1.1:22:5
MERGED from com.google.android.gms:play-services-base:7.3.0:20:5
MERGED from com.android.support:support-v4:22.1.1:22:5
MERGED from com.google.android.gms:play-services-cast:7.3.0:19:5
MERGED from com.google.android.gms:play-services-base:7.3.0:20:5
MERGED from com.android.support:support-v4:22.1.1:22:5
MERGED from com.google.android.gms:play-services-drive:7.3.0:19:5
MERGED from com.google.android.gms:play-services-base:7.3.0:20:5
MERGED from com.android.support:support-v4:22.1.1:22:5
MERGED from com.google.android.gms:play-services-fitness:7.3.0:19:5
MERGED from com.google.android.gms:play-services-base:7.3.0:20:5
MERGED from com.android.support:support-v4:22.1.1:22:5
MERGED from com.google.android.gms:play-services-location:7.3.0:19:5
MERGED from com.google.android.gms:play-services-base:7.3.0:20:5
MERGED from com.android.support:support-v4:22.1.1:22:5
MERGED from com.google.android.gms:play-services-maps:7.3.0:19:5
MERGED from com.google.android.gms:play-services-base:7.3.0:20:5
MERGED from com.android.support:support-v4:22.1.1:22:5
MERGED from com.google.android.gms:play-services-games:7.3.0:19:5
MERGED from com.google.android.gms:play-services-base:7.3.0:20:5
MERGED from com.android.support:support-v4:22.1.1:22:5
MERGED from com.google.android.gms:play-services-drive:7.3.0:19:5
MERGED from com.google.android.gms:play-services-base:7.3.0:20:5
MERGED from com.android.support:support-v4:22.1.1:22:5
MERGED from com.google.android.gms:play-services-gcm:7.3.0:19:5
MERGED from com.google.android.gms:play-services-base:7.3.0:20:5
MERGED from com.android.support:support-v4:22.1.1:22:5
MERGED from com.google.android.gms:play-services-identity:7.3.0:19:5
MERGED from com.google.android.gms:play-services-base:7.3.0:20:5
MERGED from com.android.support:support-v4:22.1.1:22:5
MERGED from com.google.android.gms:play-services-location:7.3.0:19:5
MERGED from com.google.android.gms:play-services-base:7.3.0:20:5
MERGED from com.android.support:support-v4:22.1.1:22:5
MERGED from com.google.android.gms:play-services-maps:7.3.0:19:5
MERGED from com.google.android.gms:play-services-base:7.3.0:20:5
MERGED from com.android.support:support-v4:22.1.1:22:5
MERGED from com.google.android.gms:play-services-maps:7.3.0:19:5
MERGED from com.google.android.gms:play-services-base:7.3.0:20:5
MERGED from com.android.support:support-v4:22.1.1:22:5
MERGED from com.google.android.gms:play-services-nearby:7.3.0:19:5
MERGED from com.google.android.gms:play-services-base:7.3.0:20:5
MERGED from com.android.support:support-v4:22.1.1:22:5
MERGED from com.google.android.gms:play-services-panorama:7.3.0:19:5
MERGED from com.google.android.gms:play-services-base:7.3.0:20:5
MERGED from com.android.support:support-v4:22.1.1:22:5
MERGED from com.google.android.gms:play-services-plus:7.3.0:19:5
MERGED from com.google.android.gms:play-services-base:7.3.0:20:5
MERGED from com.android.support:support-v4:22.1.1:22:5
MERGED from com.google.android.gms:play-services-safetynet:7.3.0:19:5
MERGED from com.google.android.gms:play-services-base:7.3.0:20:5
MERGED from com.android.support:support-v4:22.1.1:22:5
MERGED from com.google.android.gms:play-services-wallet:7.3.0:19:5
MERGED from com.google.android.gms:play-services-base:7.3.0:20:5
MERGED from com.android.support:support-v4:22.1.1:22:5
MERGED from com.google.android.gms:play-services-identity:7.3.0:19:5
MERGED from com.google.android.gms:play-services-base:7.3.0:20:5
MERGED from com.android.support:support-v4:22.1.1:22:5
MERGED from com.google.android.gms:play-services-maps:7.3.0:19:5
MERGED from com.google.android.gms:play-services-base:7.3.0:20:5
MERGED from com.android.support:support-v4:22.1.1:22:5
MERGED from com.google.android.gms:play-services-wearable:7.3.0:19:5
MERGED from com.google.android.gms:play-services-base:7.3.0:20:5
MERGED from com.android.support:support-v4:22.1.1:22:5
	android:label
		ADDED from AndroidManifest.xml:36:9
	android:allowBackup
		ADDED from AndroidManifest.xml:34:9
	android:icon
		ADDED from AndroidManifest.xml:35:9
	android:theme
		ADDED from AndroidManifest.xml:37:9
activity#com.seven.mynah.LoadingActivity
ADDED from AndroidManifest.xml:39:9
	android:label
		ADDED from AndroidManifest.xml:41:13
	android:name
		ADDED from AndroidManifest.xml:40:13
intent-filter#android.intent.action.MAIN+android.intent.category.LAUNCHER
ADDED from AndroidManifest.xml:42:13
action#android.intent.action.MAIN
ADDED from AndroidManifest.xml:43:17
	android:name
		ADDED from AndroidManifest.xml:43:25
category#android.intent.category.LAUNCHER
ADDED from AndroidManifest.xml:45:17
	android:name
		ADDED from AndroidManifest.xml:45:27
activity#com.seven.mynah.LogInActivity
ADDED from AndroidManifest.xml:49:9
	android:name
		ADDED from AndroidManifest.xml:50:13
intent-filter#android.intent.category.DEFAULT+com.seven.mynah.Login
ADDED from AndroidManifest.xml:51:13
action#com.seven.mynah.Login
ADDED from AndroidManifest.xml:52:17
	android:name
		ADDED from AndroidManifest.xml:52:25
category#android.intent.category.DEFAULT
ADDED from AndroidManifest.xml:54:17
	android:name
		ADDED from AndroidManifest.xml:54:27
activity#com.seven.mynah.SignUpActivity
ADDED from AndroidManifest.xml:58:9
	android:name
		ADDED from AndroidManifest.xml:59:13
intent-filter#android.intent.category.DEFAULT+com.seven.mynah.Signup
ADDED from AndroidManifest.xml:60:13
action#com.seven.mynah.Signup
ADDED from AndroidManifest.xml:61:17
	android:name
		ADDED from AndroidManifest.xml:61:25
activity#com.seven.mynah.MainActivity
ADDED from AndroidManifest.xml:67:9
	android:name
		ADDED from AndroidManifest.xml:68:13
activity#com.seven.mynah.CalendarActivity
ADDED from AndroidManifest.xml:72:9
	android:name
		ADDED from AndroidManifest.xml:73:13
intent-filter#android.intent.category.DEFAULT+com.seven.mynah.Calendar
ADDED from AndroidManifest.xml:74:13
action#com.seven.mynah.Calendar
ADDED from AndroidManifest.xml:75:17
	android:name
		ADDED from AndroidManifest.xml:75:25
activity#com.seven.mynah.BusSettingActivity
ADDED from AndroidManifest.xml:83:9
	android:windowSoftInputMode
		ADDED from AndroidManifest.xml:85:13
	android:name
		ADDED from AndroidManifest.xml:84:13
intent-filter#android.intent.category.DEFAULT+com.seven.mynah.Bus
ADDED from AndroidManifest.xml:86:13
action#com.seven.mynah.Bus
ADDED from AndroidManifest.xml:87:17
	android:name
		ADDED from AndroidManifest.xml:87:25
activity#com.seven.mynah.SubwaySettingActivity
ADDED from AndroidManifest.xml:93:9
	android:windowSoftInputMode
		ADDED from AndroidManifest.xml:95:13
	android:name
		ADDED from AndroidManifest.xml:94:13
intent-filter#android.intent.category.DEFAULT+com.seven.mynah.Subway
ADDED from AndroidManifest.xml:96:13
action#com.seven.mynah.Subway
ADDED from AndroidManifest.xml:97:17
	android:name
		ADDED from AndroidManifest.xml:97:25
activity#com.seven.mynah.WeatherSettingActivity
ADDED from AndroidManifest.xml:103:9
	android:windowSoftInputMode
		ADDED from AndroidManifest.xml:105:13
	android:name
		ADDED from AndroidManifest.xml:104:13
intent-filter#android.intent.category.DEFAULT+com.seven.mynah.Weather
ADDED from AndroidManifest.xml:106:13
action#com.seven.mynah.Weather
ADDED from AndroidManifest.xml:107:17
	android:name
		ADDED from AndroidManifest.xml:107:25
activity#com.seven.mynah.GlobalSettingActivity
ADDED from AndroidManifest.xml:113:9
	android:name
		ADDED from AndroidManifest.xml:114:13
intent-filter#android.intent.category.DEFAULT+com.seven.mynah.Setting
ADDED from AndroidManifest.xml:115:13
action#com.seven.mynah.Setting
ADDED from AndroidManifest.xml:116:17
	android:name
		ADDED from AndroidManifest.xml:116:25
activity#com.seven.mynah.ScheduleManageActivity
ADDED from AndroidManifest.xml:122:9
	android:name
		ADDED from AndroidManifest.xml:123:13
intent-filter#android.intent.category.DEFAULT+com.seven.mynah.ScheduleManage
ADDED from AndroidManifest.xml:124:13
action#com.seven.mynah.ScheduleManage
ADDED from AndroidManifest.xml:125:17
	android:name
		ADDED from AndroidManifest.xml:125:25
activity#com.seven.mynah.ChooseTTSActivity
ADDED from AndroidManifest.xml:131:9
	android:name
		ADDED from AndroidManifest.xml:132:13
intent-filter#android.intent.category.DEFAULT+com.seven.mynah.ChooseTTS
ADDED from AndroidManifest.xml:133:13
action#com.seven.mynah.ChooseTTS
ADDED from AndroidManifest.xml:134:17
	android:name
		ADDED from AndroidManifest.xml:134:25
service#com.seven.mynah.backgroundservice.GetInformationService
ADDED from AndroidManifest.xml:140:9
	android:name
		ADDED from AndroidManifest.xml:141:13
service#com.seven.mynah.backgroundservice.GCMIntentService
ADDED from AndroidManifest.xml:145:3
	android:name
		ADDED from AndroidManifest.xml:146:7
receiver#com.seven.mynah.backgroundservice.WakeonReceiver
<<<<<<< HEAD
ADDED from AndroidManifest.xml:151:9
	android:label
		ADDED from AndroidManifest.xml:152:10
	android:enabled
		ADDED from AndroidManifest.xml:152:43
=======
ADDED from AndroidManifest.xml:143:9
	android:enabled
		ADDED from AndroidManifest.xml:144:43
	android:label
		ADDED from AndroidManifest.xml:144:10
>>>>>>> 2b2088f61a70548dde164ae450a22432dd238437
	android:permission
		ADDED from AndroidManifest.xml:153:10
	android:name
		ADDED from AndroidManifest.xml:151:19
intent-filter#android.intent.action.BOOT_COMPLETED+android.intent.category.LAUNCHER
ADDED from AndroidManifest.xml:154:10
action#android.intent.action.BOOT_COMPLETED
ADDED from AndroidManifest.xml:155:16
	android:name
		ADDED from AndroidManifest.xml:155:24
receiver#com.seven.mynah.backgroundservice.GCMBroadcastReceiver
ADDED from AndroidManifest.xml:163:9
	android:permission
		ADDED from AndroidManifest.xml:165:13
	android:name
		ADDED from AndroidManifest.xml:164:13
intent-filter#com.google.android.c2dm.intent.RECEIVE+com.google.android.c2dm.intent.REGISTRATION+com.seven.mynah
ADDED from AndroidManifest.xml:166:13
action#com.google.android.c2dm.intent.RECEIVE
ADDED from AndroidManifest.xml:167:17
	android:name
		ADDED from AndroidManifest.xml:167:25
action#com.google.android.c2dm.intent.REGISTRATION
ADDED from AndroidManifest.xml:168:17
	android:name
		ADDED from AndroidManifest.xml:168:25
category#com.seven.mynah
ADDED from AndroidManifest.xml:169:17
	android:name
		ADDED from AndroidManifest.xml:169:27
meta-data#com.google.android.gms.version
ADDED from AndroidManifest.xml:173:9
MERGED from com.google.android.gms:play-services-base:7.3.0:21:9
MERGED from com.google.android.gms:play-services-base:7.3.0:21:9
MERGED from com.google.android.gms:play-services-base:7.3.0:21:9
MERGED from com.google.android.gms:play-services-base:7.3.0:21:9
MERGED from com.google.android.gms:play-services-base:7.3.0:21:9
MERGED from com.google.android.gms:play-services-base:7.3.0:21:9
MERGED from com.google.android.gms:play-services-base:7.3.0:21:9
MERGED from com.google.android.gms:play-services-base:7.3.0:21:9
MERGED from com.google.android.gms:play-services-base:7.3.0:21:9
MERGED from com.google.android.gms:play-services-base:7.3.0:21:9
MERGED from com.google.android.gms:play-services-base:7.3.0:21:9
MERGED from com.google.android.gms:play-services-base:7.3.0:21:9
MERGED from com.google.android.gms:play-services-base:7.3.0:21:9
MERGED from com.google.android.gms:play-services-base:7.3.0:21:9
MERGED from com.google.android.gms:play-services-base:7.3.0:21:9
MERGED from com.google.android.gms:play-services-base:7.3.0:21:9
MERGED from com.google.android.gms:play-services-base:7.3.0:21:9
MERGED from com.google.android.gms:play-services-base:7.3.0:21:9
MERGED from com.google.android.gms:play-services-base:7.3.0:21:9
MERGED from com.google.android.gms:play-services-base:7.3.0:21:9
MERGED from com.google.android.gms:play-services-base:7.3.0:21:9
MERGED from com.google.android.gms:play-services-base:7.3.0:21:9
MERGED from com.google.android.gms:play-services-base:7.3.0:21:9
MERGED from com.google.android.gms:play-services-base:7.3.0:21:9
MERGED from com.google.android.gms:play-services-base:7.3.0:21:9
MERGED from com.google.android.gms:play-services-base:7.3.0:21:9
MERGED from com.google.android.gms:play-services-base:7.3.0:21:9
<<<<<<< HEAD
	android:name
		ADDED from AndroidManifest.xml:174:13
	android:value
		ADDED from AndroidManifest.xml:175:13
meta-data#com.google.android.calendar.v2.API_KEY
ADDED from AndroidManifest.xml:176:9
	android:name
		ADDED from AndroidManifest.xml:176:20
	android:value
		ADDED from AndroidManifest.xml:176:74
=======
	android:value
		ADDED from AndroidManifest.xml:167:13
	android:name
		ADDED from AndroidManifest.xml:166:13
meta-data#com.google.android.calendar.v2.API_KEY
ADDED from AndroidManifest.xml:168:9
	android:value
		ADDED from AndroidManifest.xml:168:74
	android:name
		ADDED from AndroidManifest.xml:168:20
>>>>>>> 2b2088f61a70548dde164ae450a22432dd238437